SF:lib\data\modules\services\api_service.dart
DA:14,2
DA:15,6
DA:17,2
DA:18,2
DA:24,1
DA:28,2
DA:32,1
DA:33,1
DA:34,2
LF:9
LH:9
end_of_record
SF:lib\data\interactors\article_interactor.dart
DA:9,2
DA:11,1
DA:13,2
DA:14,2
DA:15,5
LF:5
LH:5
end_of_record
SF:lib\domain\failures\api_error.dart
DA:3,1
LF:1
LH:1
end_of_record
SF:lib\domain\models\article.dart
DA:12,1
DA:22,1
DA:23,1
DA:24,1
DA:25,1
DA:26,2
DA:27,5
DA:28,1
DA:29,1
DA:30,3
LF:10
LH:10
end_of_record
SF:lib\core\locators\locator.dart
DA:6,3
DA:9,1
DA:11,1
DA:12,1
DA:17,1
DA:18,2
DA:19,1
DA:23,1
DA:24,2
DA:25,4
LF:10
LH:10
end_of_record
SF:lib\main.dart
DA:4,0
DA:5,0
DA:6,0
DA:10,2
DA:12,1
DA:14,1
DA:16,1
DA:17,1
DA:26,1
DA:30,1
DA:31,1
DA:37,1
DA:38,2
DA:39,2
DA:43,1
DA:45,1
DA:46,1
DA:47,3
DA:48,3
DA:50,1
DA:51,1
DA:53,1
DA:57,1
DA:58,2
DA:59,3
DA:64,1
DA:65,1
LF:27
LH:24
end_of_record
